#
# There is insufficient memory for the Java Runtime Environment to continue.
# Native memory allocation (malloc) failed to allocate 1048576 bytes for AllocateHeap
# Possible reasons:
#   The system is out of physical RAM or swap space
#   The process is running with CompressedOops enabled, and the Java Heap may be blocking the growth of the native heap
# Possible solutions:
#   Reduce memory load on the system
#   Increase physical memory or swap space
#   Check if swap backing store is full
#   Decrease Java heap size (-Xmx/-Xms)
#   Decrease number of Java threads
#   Decrease Java thread stack sizes (-Xss)
#   Set larger code cache with -XX:ReservedCodeCacheSize=
#   JVM is running with Unscaled Compressed Oops mode in which the Java heap is
#     placed in the first 4GB address space. The Java Heap base address is the
#     maximum limit for the native heap growth. Please use -XX:HeapBaseMinAddress
#     to set the Java Heap base and to place the Java Heap above 4GB virtual address.
# This output file may be truncated or incomplete.
#
#  Out of Memory Error (memory/allocation.inline.hpp:61), pid=7052, tid=0x00000000000030e8
#
# JRE version:  (8.0_201-b09) (build )
# Java VM: Java HotSpot(TM) 64-Bit Server VM (25.201-b09 mixed mode windows-amd64 compressed oops)
# Failed to write core dump. Minidumps are not enabled by default on client versions of Windows
#

---------------  T H R E A D  ---------------

Current thread (0x000000000123e800):  JavaThread "Unknown thread" [_thread_in_vm, id=12520, stack(0x0000000001620000,0x0000000001720000)]

Stack: [0x0000000001620000,0x0000000001720000]
[error occurred during error reporting (printing stack bounds), id 0xc0000005]

Native frames: (J=compiled Java code, j=interpreted, Vv=VM code, C=native code)


---------------  P R O C E S S  ---------------

Java Threads: ( => current thread )

Other Threads:

=>0x000000000123e800 (exited) JavaThread "Unknown thread" [_thread_in_vm, id=12520, stack(0x0000000001620000,0x0000000001720000)]

VM state:not at safepoint (normal execution)

VM Mutex/Monitor currently owned by a thread: None

heap address: 0x0000000082600000, size: 2010 MB, Compressed Oops mode: 32-bit
Narrow klass base: 0x0000000000000000, Narrow klass shift: 3
Compressed class space size: 1073741824 Address: 0x0000000100000000

Heap:
 PSYoungGen      total 37888K, used 655K [0x00000000d6200000, 0x00000000d8c00000, 0x0000000100000000)
  eden space 32768K, 2% used [0x00000000d6200000,0x00000000d62a3d80,0x00000000d8200000)
  from space 5120K, 0% used [0x00000000d8700000,0x00000000d8700000,0x00000000d8c00000)
  to   space 5120K, 0% used [0x00000000d8200000,0x00000000d8200000,0x00000000d8700000)
 ParOldGen       total 86016K, used 0K [0x0000000082600000, 0x0000000087a00000, 0x00000000d6200000)
  object space 86016K, 0% used [0x0000000082600000,0x0000000082600000,0x0000000087a00000)
 Metaspace       used 775K, capacity 4480K, committed 4480K, reserved 1056768K
  class space    used 76K, capacity 384K, committed 384K, reserved 1048576K

Card table byte_map: [0x0000000014410000,0x0000000014800000] byte_map_base: 0x0000000013ffd000

Marking Bits: (ParMarkBitMap*) 0x0000000077f74ce0
 Begin Bits: [0x0000000014da0000, 0x0000000016d08000)
 End Bits:   [0x0000000016d08000, 0x0000000018c70000)

Polling page: 0x0000000000c90000

CodeCache: size=245760Kb used=328Kb max_used=328Kb free=245431Kb
 bounds [0x0000000005410000, 0x0000000005680000, 0x0000000014410000]
 total_blobs=58 nmethods=0 adapters=38
 compilation: enabled

Compilation events (0 events):
No events

GC Heap History (0 events):
No events

Deoptimization events (0 events):
No events

Classes redefined (0 events):
No events

Internal exceptions (0 events):
No events

Events (10 events):
Event: 0.028 loading class java/lang/Short
Event: 0.028 loading class java/lang/Short done
Event: 0.028 loading class java/lang/Integer
Event: 0.028 loading class java/lang/Integer done
Event: 0.028 loading class java/lang/Long
Event: 0.028 loading class java/lang/Long done
Event: 0.029 loading class java/lang/NullPointerException
Event: 0.029 loading class java/lang/NullPointerException done
Event: 0.029 loading class java/lang/ArithmeticException
Event: 0.029 loading class java/lang/ArithmeticException done


Dynamic libraries:
0x00007ff61f890000 - 0x00007ff61f8c7000 	C:\Program Files\Java\jdk1.8.0_201\bin\java.exe
0x00007ffcb1d00000 - 0x00007ffcb1ee0000 	C:\Windows\SYSTEM32\ntdll.dll
0x00007ffcb1110000 - 0x00007ffcb11be000 	C:\Windows\System32\KERNEL32.DLL
0x00007ffcae100000 - 0x00007ffcae366000 	C:\Windows\System32\KERNELBASE.dll
0x00007ffcb14d0000 - 0x00007ffcb1571000 	C:\Windows\System32\ADVAPI32.dll
0x00007ffcaf980000 - 0x00007ffcafa1d000 	C:\Windows\System32\msvcrt.dll
0x00007ffcb12f0000 - 0x00007ffcb134b000 	C:\Windows\System32\sechost.dll
0x00007ffcb0ff0000 - 0x00007ffcb110f000 	C:\Windows\System32\RPCRT4.dll
0x00007ffcafa20000 - 0x00007ffcafbaf000 	C:\Windows\System32\USER32.dll
0x00007ffcaefe0000 - 0x00007ffcaf000000 	C:\Windows\System32\win32u.dll
0x00007ffcb1970000 - 0x00007ffcb1998000 	C:\Windows\System32\GDI32.dll
0x00007ffcaebc0000 - 0x00007ffcaed53000 	C:\Windows\System32\gdi32full.dll
0x00007ffcaef40000 - 0x00007ffcaefdb000 	C:\Windows\System32\msvcp_win.dll
0x00007ffcae370000 - 0x00007ffcae464000 	C:\Windows\System32\ucrtbase.dll
0x00007ffc9d1b0000 - 0x00007ffc9d419000 	C:\Windows\WinSxS\amd64_microsoft.windows.common-controls_6595b64144ccf1df_6.0.16299.1087_none_0f9074b65a6589b7\COMCTL32.dll
0x00007ffcb15a0000 - 0x00007ffcb18a6000 	C:\Windows\System32\combase.dll
0x00007ffcaed60000 - 0x00007ffcaedd2000 	C:\Windows\System32\bcryptPrimitives.dll
0x00007ffcb1920000 - 0x00007ffcb194d000 	C:\Windows\System32\IMM32.DLL
0x0000000050790000 - 0x0000000050861000 	C:\Program Files\Java\jdk1.8.0_201\jre\bin\msvcr100.dll
0x0000000077750000 - 0x0000000077ff4000 	C:\Program Files\Java\jdk1.8.0_201\jre\bin\server\jvm.dll
0x00007ffcb1950000 - 0x00007ffcb1958000 	C:\Windows\System32\PSAPI.DLL
0x00007ffc9de20000 - 0x00007ffc9de29000 	C:\Windows\SYSTEM32\WSOCK32.dll
0x00007ffcac4a0000 - 0x00007ffcac4c3000 	C:\Windows\SYSTEM32\WINMM.dll
0x00007ffcb18b0000 - 0x00007ffcb191c000 	C:\Windows\System32\WS2_32.dll
0x00007ffca2ff0000 - 0x00007ffca2ffa000 	C:\Windows\SYSTEM32\VERSION.dll
0x00007ffcac440000 - 0x00007ffcac46a000 	C:\Windows\SYSTEM32\winmmbase.dll
0x00007ffcaee90000 - 0x00007ffcaeeda000 	C:\Windows\System32\cfgmgr32.dll
0x00007ffca2870000 - 0x00007ffca287f000 	C:\Program Files\Java\jdk1.8.0_201\jre\bin\verify.dll
0x00007ffca2820000 - 0x00007ffca2849000 	C:\Program Files\Java\jdk1.8.0_201\jre\bin\java.dll
0x00007ffc9b910000 - 0x00007ffc9b933000 	C:\Program Files\Java\jdk1.8.0_201\jre\bin\instrument.dll
0x00007ffca2760000 - 0x00007ffca2776000 	C:\Program Files\Java\jdk1.8.0_201\jre\bin\zip.dll

VM Arguments:
jvm_args: -javaagent:C:\Program Files\JetBrains\IntelliJ IDEA 2018.3.4\lib\idea_rt.jar=16428:C:\Program Files\JetBrains\IntelliJ IDEA 2018.3.4\bin -Dfile.encoding=UTF-8 
java_command: Main
java_class_path (initial): C:\Program Files\Java\jdk1.8.0_201\jre\lib\charsets.jar;C:\Program Files\Java\jdk1.8.0_201\jre\lib\deploy.jar;C:\Program Files\Java\jdk1.8.0_201\jre\lib\ext\access-bridge-64.jar;C:\Program Files\Java\jdk1.8.0_201\jre\lib\ext\cldrdata.jar;C:\Program Files\Java\jdk1.8.0_201\jre\lib\ext\dnsns.jar;C:\Program Files\Java\jdk1.8.0_201\jre\lib\ext\jaccess.jar;C:\Program Files\Java\jdk1.8.0_201\jre\lib\ext\jfxrt.jar;C:\Program Files\Java\jdk1.8.0_201\jre\lib\ext\localedata.jar;C:\Program Files\Java\jdk1.8.0_201\jre\lib\ext\nashorn.jar;C:\Program Files\Java\jdk1.8.0_201\jre\lib\ext\sunec.jar;C:\Program Files\Java\jdk1.8.0_201\jre\lib\ext\sunjce_provider.jar;C:\Program Files\Java\jdk1.8.0_201\jre\lib\ext\sunmscapi.jar;C:\Program Files\Java\jdk1.8.0_201\jre\lib\ext\sunpkcs11.jar;C:\Program Files\Java\jdk1.8.0_201\jre\lib\ext\zipfs.jar;C:\Program Files\Java\jdk1.8.0_201\jre\lib\javaws.jar;C:\Program Files\Java\jdk1.8.0_201\jre\lib\jce.jar;C:\Program Files\Java\jdk1.8.0_201\jre\lib\jfr.jar;C:\Program Files\Java\jdk1.8.0_201\jre\lib\jfxswt.jar;C:\Program Files\Java\jdk1.8.0_201\jre\lib\jsse.jar;C:\Program Files\Java\jdk1.8.0_201\jre\lib\management-agent.jar;C:\Program Files\Java\jdk1.8.0_201\jre\lib\plugin.jar;C:\Program Files\Java\jdk1.8.0_201\jre\lib\resources.jar;C:\Program Files\Java\jdk1.8.0_201\jre\lib\rt.jar;D:\IdeaProjects\iodfGatherer\out\production\iodfGatherer;C:\Users\МакаренкоАА\.m2\repository\commons-net\commons-net\3.6\commons-net-3.6.jar;C:\Program Files\JetBrains\IntelliJ IDEA 2018.3.4\lib\idea_rt.jar
Launcher Type: SUN_STANDARD

Environment Variables:
JAVA_HOME=C:\Program Files\Java\jdk1.8.0_201\jre
PATH=C:\Program Files\Java\jdk1.8.0_201\bin;C:\Program Files (x86)\Intel\Intel(R) Management Engine Components\iCLS\;C:\Program Files\Intel\Intel(R) Management Engine Components\iCLS\;C:\Windows\system32;C:\Windows;C:\Windows\System32\Wbem;C:\Windows\System32\WindowsPowerShell\v1.0\;C:\Program Files (x86)\Intel\Intel(R) Management Engine Components\DAL;C:\Program Files\Intel\Intel(R) Management Engine Components\DAL;C:\Program Files (x86)\Intel\Intel(R) Management Engine Components\IPT;C:\Program Files\Intel\Intel(R) Management Engine Components\IPT;C:\Program Files (x86)\Common Files\Acronis\VirtualFile\;C:\Program Files (x86)\Common Files\Acronis\VirtualFile64\;C:\Program Files (x86)\Common Files\Acronis\FileProtector\;C:\Program Files (x86)\Common Files\Acronis\FileProtector64\;C:\Program Files (x86)\Common Files\Acronis\SnapAPI\;C:\Program Files (x86)\IBM\Personal Communications\;C:\Program Files (x86)\IBM\Trace Facility\;C:\Program Files\PuTTY\;C:\Program Files\nodejs\;C:\Program Files\Git\cmd;C:\Gradle\gradle-5.3.1\bin;C:\Program Files\MongoDB\Server\4.0\bin;C:\maven\apache-maven-3.6.1\bin;C:\Program Files\Microsoft OLE DB Provider for DB2\system;C:\Users\МакаренкоАА\AppData\Local\Programs\Python\Python37\Scripts\;C:\Users\МакаренкоАА\AppData\Local\Programs\Python\Python37\;C:\Users\МакаренкоАА\AppData\Local\Microsoft\WindowsApps;C:\Program Files (x86)\Nmap;C:\Users\МакаренкоАА\AppData\Roaming\npm;C:\Program Files (x86)\Nmap;C:\Users\МакаренкоАА\AppData\Local\Programs\Microsoft VS Code\bin
USERNAME=МакаренкоАА
OS=Windows_NT
PROCESSOR_IDENTIFIER=Intel64 Family 6 Model 158 Stepping 11, GenuineIntel



---------------  S Y S T E M  ---------------

OS: Windows 10.0 , 64 bit Build 16299 (10.0.16299.1087)

CPU:total 4 (initial active 4) (4 cores per cpu, 1 threads per core) family 6 model 158 stepping 11, cmov, cx8, fxsr, mmx, sse, sse2, sse3, ssse3, sse4.1, sse4.2, popcnt, avx, avx2, aes, clmul, erms, 3dnowpref, lzcnt, tsc, tscinvbit, bmi1, bmi2, adx

Memory: 4k page, physical 8230288k(1051612k free), swap 16618896k(5392k free)

vm_info: Java HotSpot(TM) 64-Bit Server VM (25.201-b09) for windows-amd64 JRE (1.8.0_201-b09), built on Dec 15 2018 18:36:39 by "java_re" with MS VC++ 10.0 (VS2010)

time: Tue Aug 13 12:18:36 2019
timezone: RTZ 2 (зима)
elapsed time: 0 seconds (0d 0h 0m 0s)

